c:\users\tianlan\source\repos\srender\srender\debug\vc143.pdb
c:\users\tianlan\source\repos\srender\srender\debug\vc143.idb
c:\users\tianlan\source\repos\srender\srender\debug\stringtools.obj
c:\users\tianlan\source\repos\srender\srender\debug\scenemanager.obj
c:\users\tianlan\source\repos\srender\srender\debug\scene.obj
c:\users\tianlan\source\repos\srender\srender\debug\resourcemanager.obj
c:\users\tianlan\source\repos\srender\srender\debug\memorypool.obj
c:\users\tianlan\source\repos\srender\srender\debug\matrix.obj
c:\users\tianlan\source\repos\srender\srender\debug\imageasset.obj
c:\users\tianlan\source\repos\srender\srender\debug\gameobject.obj
c:\users\tianlan\source\repos\srender\srender\debug\enginetime.obj
c:\users\tianlan\source\repos\srender\srender\debug\debughelper.obj
c:\users\tianlan\source\repos\srender\srender\debug\transform.obj
c:\users\tianlan\source\repos\srender\srender\debug\light.obj
c:\users\tianlan\source\repos\srender\srender\debug\image.obj
c:\users\tianlan\source\repos\srender\srender\debug\globalsettings.obj
c:\users\tianlan\source\repos\srender\srender\debug\canvas.obj
c:\users\tianlan\source\repos\srender\srender\debug\animationcontroller.obj
c:\users\tianlan\source\repos\srender\srender\debug\component.obj
c:\users\tianlan\source\repos\srender\srender\debug\translation.obj
c:\users\tianlan\source\repos\srender\srender\debug\baseanimation.obj
c:\users\tianlan\source\repos\srender\srender\debug\actionsequence.obj
c:\users\tianlan\source\repos\srender\srender\debug\srender.obj
c:\users\tianlan\source\repos\srender\srender\debug\rgbcolor.obj
c:\users\tianlan\source\repos\srender\srender\debug\rendersystem.obj
c:\users\tianlan\source\repos\srender\srender\debug\mathexception.obj
c:\users\tianlan\source\repos\srender\srender\debug\layer.obj
c:\users\tianlan\source\repos\srender\srender\debug\vector3.obj
c:\users\tianlan\source\repos\srender\srender\debug\uibase.obj
c:\users\tianlan\source\repos\srender\srender\debug\srender.res
c:\users\tianlan\source\repos\srender\debug\srender.pdb
c:\users\tianlan\source\repos\srender\srender\debug\srender.tlog\cl.command.1.tlog
c:\users\tianlan\source\repos\srender\srender\debug\srender.tlog\cl.read.1.tlog
c:\users\tianlan\source\repos\srender\srender\debug\srender.tlog\cl.write.1.tlog
c:\users\tianlan\source\repos\srender\srender\debug\srender.tlog\link-cvtres.read.1.tlog
c:\users\tianlan\source\repos\srender\srender\debug\srender.tlog\link-cvtres.write.1.tlog
c:\users\tianlan\source\repos\srender\srender\debug\srender.tlog\link-rc.read.1.tlog
c:\users\tianlan\source\repos\srender\srender\debug\srender.tlog\link-rc.write.1.tlog
c:\users\tianlan\source\repos\srender\srender\debug\srender.tlog\link.command.1.tlog
c:\users\tianlan\source\repos\srender\srender\debug\srender.tlog\link.read.1.tlog
c:\users\tianlan\source\repos\srender\srender\debug\srender.tlog\link.write.1.tlog
c:\users\tianlan\source\repos\srender\srender\debug\srender.tlog\rc.command.1.tlog
c:\users\tianlan\source\repos\srender\srender\debug\srender.tlog\rc.read.1.tlog
c:\users\tianlan\source\repos\srender\srender\debug\srender.tlog\rc.write.1.tlog
